<?xml version="1.0" encoding="UTF-8"?>
<!-- Generated by org.testng.reporters.JUnitReportReporter -->
<testsuite hostname="IE1FLT6Y3G5Y2" failures="0" tests="1" name="com.test.Flipkart" time="39.709" errors="0" timestamp="2022-08-19T14:06:11 IST" skipped="0">
  <testcase classname="com.test.Flipkart" name="sampleTest" time="39.709"/>
  <system-out/>
</testsuite> <!-- com.test.Flipkart -->
