<?xml version="1.0" encoding="UTF-8"?>
<!-- Generated by org.testng.reporters.JUnitReportReporter -->
<testsuite hostname="IE1FLT6Y3G5Y2" failures="0" tests="1" name="com.test.NewTest" time="0.010" errors="0" timestamp="2022-07-23T11:38:41 IST" skipped="0">
  <testcase classname="com.test.NewTest" name="f" time="0.010"/>
  <system-out/>
</testsuite> <!-- com.test.NewTest -->
