<?xml version="1.0" encoding="UTF-8"?>
<!-- Generated by org.testng.reporters.JUnitReportReporter -->
<testsuite hostname="IE1FLT6Y3G5Y2" failures="0" tests="1" name="com.test.Flipkart" time="32.497" errors="0" timestamp="2022-08-19T10:27:30 IST" skipped="0">
  <testcase classname="com.test.Flipkart" name="sampleTest" time="32.497"/>
  <system-out/>
</testsuite> <!-- com.test.Flipkart -->
