<?xml version="1.0" encoding="UTF-8"?>
<!-- Generated by org.testng.reporters.JUnitReportReporter -->
<testsuite hostname="IE1FLT6Y3G5Y2" failures="0" tests="1" name="com.test.TimeSpinner" time="26.372" errors="0" timestamp="2022-08-19T09:56:41 IST" skipped="0">
  <testcase classname="com.test.TimeSpinner" name="sampleTest" time="26.372"/>
  <system-out/>
</testsuite> <!-- com.test.TimeSpinner -->
